V:\GIGGLINGBITS\BOX2D\HEYBOX2D\BUILD_HEYBOX2D_VC11\DEBUG_HEYBOX2D_VC11_X86\B2JOINT.OBJ
V:\GIGGLINGBITS\BOX2D\HEYBOX2D\BUILD_HEYBOX2D_VC11\DEBUG_HEYBOX2D_VC11_X86\B2MATH.OBJ
V:\GIGGLINGBITS\BOX2D\HEYBOX2D\BUILD_HEYBOX2D_VC11\DEBUG_HEYBOX2D_VC11_X86\B2MOTORJOINT.OBJ
V:\GIGGLINGBITS\BOX2D\HEYBOX2D\BUILD_HEYBOX2D_VC11\DEBUG_HEYBOX2D_VC11_X86\B2MOUSEJOINT.OBJ
V:\GIGGLINGBITS\BOX2D\HEYBOX2D\BUILD_HEYBOX2D_VC11\DEBUG_HEYBOX2D_VC11_X86\B2POLYGONANDCIRCLECONTACT.OBJ
V:\GIGGLINGBITS\BOX2D\HEYBOX2D\BUILD_HEYBOX2D_VC11\DEBUG_HEYBOX2D_VC11_X86\B2POLYGONCONTACT.OBJ
V:\GIGGLINGBITS\BOX2D\HEYBOX2D\BUILD_HEYBOX2D_VC11\DEBUG_HEYBOX2D_VC11_X86\B2POLYGONSHAPE.OBJ
V:\GIGGLINGBITS\BOX2D\HEYBOX2D\BUILD_HEYBOX2D_VC11\DEBUG_HEYBOX2D_VC11_X86\B2PRISMATICJOINT.OBJ
V:\GIGGLINGBITS\BOX2D\HEYBOX2D\BUILD_HEYBOX2D_VC11\DEBUG_HEYBOX2D_VC11_X86\B2PULLEYJOINT.OBJ
V:\GIGGLINGBITS\BOX2D\HEYBOX2D\BUILD_HEYBOX2D_VC11\DEBUG_HEYBOX2D_VC11_X86\B2REVOLUTEJOINT.OBJ
V:\GIGGLINGBITS\BOX2D\HEYBOX2D\BUILD_HEYBOX2D_VC11\DEBUG_HEYBOX2D_VC11_X86\B2ROPE.OBJ
V:\GIGGLINGBITS\BOX2D\HEYBOX2D\BUILD_HEYBOX2D_VC11\DEBUG_HEYBOX2D_VC11_X86\B2ROPEJOINT.OBJ
V:\GIGGLINGBITS\BOX2D\HEYBOX2D\BUILD_HEYBOX2D_VC11\DEBUG_HEYBOX2D_VC11_X86\B2SETTINGS.OBJ
V:\GIGGLINGBITS\BOX2D\HEYBOX2D\BUILD_HEYBOX2D_VC11\DEBUG_HEYBOX2D_VC11_X86\B2STACKALLOCATOR.OBJ
V:\GIGGLINGBITS\BOX2D\HEYBOX2D\BUILD_HEYBOX2D_VC11\DEBUG_HEYBOX2D_VC11_X86\B2TIMEOFIMPACT.OBJ
V:\GIGGLINGBITS\BOX2D\HEYBOX2D\BUILD_HEYBOX2D_VC11\DEBUG_HEYBOX2D_VC11_X86\B2TIMER.OBJ
V:\GIGGLINGBITS\BOX2D\HEYBOX2D\BUILD_HEYBOX2D_VC11\DEBUG_HEYBOX2D_VC11_X86\B2WELDJOINT.OBJ
V:\GIGGLINGBITS\BOX2D\HEYBOX2D\BUILD_HEYBOX2D_VC11\DEBUG_HEYBOX2D_VC11_X86\B2WHEELJOINT.OBJ
V:\GIGGLINGBITS\BOX2D\HEYBOX2D\BUILD_HEYBOX2D_VC11\DEBUG_HEYBOX2D_VC11_X86\B2WORLD.OBJ
V:\GIGGLINGBITS\BOX2D\HEYBOX2D\BUILD_HEYBOX2D_VC11\DEBUG_HEYBOX2D_VC11_X86\B2WORLDCALLBACKS.OBJ
V:\GIGGLINGBITS\BOX2D\HEYBOX2D\BUILD_HEYBOX2D_VC11\DEBUG_HEYBOX2D_VC11_X86\B2CIRCLECONTACT.OBJ
V:\GIGGLINGBITS\BOX2D\HEYBOX2D\BUILD_HEYBOX2D_VC11\DEBUG_HEYBOX2D_VC11_X86\B2CIRCLESHAPE.OBJ
V:\GIGGLINGBITS\BOX2D\HEYBOX2D\BUILD_HEYBOX2D_VC11\DEBUG_HEYBOX2D_VC11_X86\B2COLLIDECIRCLE.OBJ
V:\GIGGLINGBITS\BOX2D\HEYBOX2D\BUILD_HEYBOX2D_VC11\DEBUG_HEYBOX2D_VC11_X86\B2COLLIDEEDGE.OBJ
V:\GIGGLINGBITS\BOX2D\HEYBOX2D\BUILD_HEYBOX2D_VC11\DEBUG_HEYBOX2D_VC11_X86\B2COLLIDEPOLYGON.OBJ
V:\GIGGLINGBITS\BOX2D\HEYBOX2D\BUILD_HEYBOX2D_VC11\DEBUG_HEYBOX2D_VC11_X86\B2COLLISION.OBJ
V:\GIGGLINGBITS\BOX2D\HEYBOX2D\BUILD_HEYBOX2D_VC11\DEBUG_HEYBOX2D_VC11_X86\B2CONTACT.OBJ
V:\GIGGLINGBITS\BOX2D\HEYBOX2D\BUILD_HEYBOX2D_VC11\DEBUG_HEYBOX2D_VC11_X86\B2CONTACTMANAGER.OBJ
V:\GIGGLINGBITS\BOX2D\HEYBOX2D\BUILD_HEYBOX2D_VC11\DEBUG_HEYBOX2D_VC11_X86\B2CONTACTSOLVER.OBJ
V:\GIGGLINGBITS\BOX2D\HEYBOX2D\BUILD_HEYBOX2D_VC11\DEBUG_HEYBOX2D_VC11_X86\B2DISTANCE.OBJ
V:\GIGGLINGBITS\BOX2D\HEYBOX2D\BUILD_HEYBOX2D_VC11\DEBUG_HEYBOX2D_VC11_X86\B2DISTANCEJOINT.OBJ
V:\GIGGLINGBITS\BOX2D\HEYBOX2D\BUILD_HEYBOX2D_VC11\DEBUG_HEYBOX2D_VC11_X86\B2DRAW.OBJ
V:\GIGGLINGBITS\BOX2D\HEYBOX2D\BUILD_HEYBOX2D_VC11\DEBUG_HEYBOX2D_VC11_X86\B2DYNAMICTREE.OBJ
V:\GIGGLINGBITS\BOX2D\HEYBOX2D\BUILD_HEYBOX2D_VC11\DEBUG_HEYBOX2D_VC11_X86\B2EDGEANDCIRCLECONTACT.OBJ
V:\GIGGLINGBITS\BOX2D\HEYBOX2D\BUILD_HEYBOX2D_VC11\DEBUG_HEYBOX2D_VC11_X86\B2EDGEANDPOLYGONCONTACT.OBJ
V:\GIGGLINGBITS\BOX2D\HEYBOX2D\BUILD_HEYBOX2D_VC11\DEBUG_HEYBOX2D_VC11_X86\B2EDGESHAPE.OBJ
V:\GIGGLINGBITS\BOX2D\HEYBOX2D\BUILD_HEYBOX2D_VC11\DEBUG_HEYBOX2D_VC11_X86\B2FIXTURE.OBJ
V:\GIGGLINGBITS\BOX2D\HEYBOX2D\BUILD_HEYBOX2D_VC11\DEBUG_HEYBOX2D_VC11_X86\B2FRICTIONJOINT.OBJ
V:\GIGGLINGBITS\BOX2D\HEYBOX2D\BUILD_HEYBOX2D_VC11\DEBUG_HEYBOX2D_VC11_X86\B2GEARJOINT.OBJ
V:\GIGGLINGBITS\BOX2D\HEYBOX2D\BUILD_HEYBOX2D_VC11\DEBUG_HEYBOX2D_VC11_X86\B2ISLAND.OBJ
V:\GIGGLINGBITS\BOX2D\HEYBOX2D\BUILD_HEYBOX2D_VC11\DEBUG_HEYBOX2D_VC11_X86\EXAMPLESMAIN.OBJ
V:\GIGGLINGBITS\BOX2D\HEYBOX2D\BUILD_HEYBOX2D_VC11\DEBUG_HEYBOX2D_VC11_X86\HEYBOX2D.OBJ
V:\GIGGLINGBITS\BOX2D\HEYBOX2D\BUILD_HEYBOX2D_VC11\DEBUG_HEYBOX2D_VC11_X86\B2BLOCKALLOCATOR.OBJ
V:\GIGGLINGBITS\BOX2D\HEYBOX2D\BUILD_HEYBOX2D_VC11\DEBUG_HEYBOX2D_VC11_X86\B2BODY.OBJ
V:\GIGGLINGBITS\BOX2D\HEYBOX2D\BUILD_HEYBOX2D_VC11\DEBUG_HEYBOX2D_VC11_X86\B2BROADPHASE.OBJ
V:\GIGGLINGBITS\BOX2D\HEYBOX2D\BUILD_HEYBOX2D_VC11\DEBUG_HEYBOX2D_VC11_X86\B2CHAINANDCIRCLECONTACT.OBJ
V:\GIGGLINGBITS\BOX2D\HEYBOX2D\BUILD_HEYBOX2D_VC11\DEBUG_HEYBOX2D_VC11_X86\B2CHAINANDPOLYGONCONTACT.OBJ
V:\GIGGLINGBITS\BOX2D\HEYBOX2D\BUILD_HEYBOX2D_VC11\DEBUG_HEYBOX2D_VC11_X86\B2CHAINSHAPE.OBJ
V:\GIGGLINGBITS\BOX2D\HEYBOX2D\BUILD_HEYBOX2D_VC11\DEBUG_HEYBOX2D_VC11_X86\VC110.PDB
\\PSF\DEVELOPMENT\GIGGLINGBITS\BOX2D\HEYBOX2D\BUILD_HEYBOX2D_VC11\HEYBOX2D_VC11.STAMP
V:\GIGGLINGBITS\BOX2D\HEYBOX2D\BUILD_HEYBOX2D_VC11\HEYBOX2D_VC11.STAMP
v:\GigglingBits\box2d\HeyBox2D\build_heybox2d_vc11\Debug_HeyBox2D_vc11_x86\HeyBox2D.lib
v:\GigglingBits\box2d\HeyBox2D\build_heybox2d_vc11\Debug_HeyBox2D_vc11_x86\HeyBox2D.exp
V:\GIGGLINGBITS\BOX2D\HEYBOX2D\BUILD_HEYBOX2D_VC11\DEBUG_HEYBOX2D_VC11_X86\HEYBOX2D.ILK
V:\GIGGLINGBITS\BOX2D\HEYBOX2D\BUILD_HEYBOX2D_VC11\DEBUG_HEYBOX2D_VC11_X86\HEYBOX2D.S86
V:\GIGGLINGBITS\BOX2D\HEYBOX2D\BUILD_HEYBOX2D_VC11\DEBUG_HEYBOX2D_VC11_X86\HEYBOX2D.PDB
v:\GigglingBits\box2d\HeyBox2D\build_heybox2d_vc11\Debug_HeyBox2D_vc11_x86\b2BlockAllocator.obj
v:\GigglingBits\box2d\HeyBox2D\build_heybox2d_vc11\Debug_HeyBox2D_vc11_x86\b2Body.obj
v:\GigglingBits\box2d\HeyBox2D\build_heybox2d_vc11\Debug_HeyBox2D_vc11_x86\b2BroadPhase.obj
v:\GigglingBits\box2d\HeyBox2D\build_heybox2d_vc11\Debug_HeyBox2D_vc11_x86\b2ChainAndCircleContact.obj
v:\GigglingBits\box2d\HeyBox2D\build_heybox2d_vc11\Debug_HeyBox2D_vc11_x86\b2ChainAndPolygonContact.obj
v:\GigglingBits\box2d\HeyBox2D\build_heybox2d_vc11\Debug_HeyBox2D_vc11_x86\b2ChainShape.obj
v:\GigglingBits\box2d\HeyBox2D\build_heybox2d_vc11\Debug_HeyBox2D_vc11_x86\b2CircleContact.obj
v:\GigglingBits\box2d\HeyBox2D\build_heybox2d_vc11\Debug_HeyBox2D_vc11_x86\b2CircleShape.obj
v:\GigglingBits\box2d\HeyBox2D\build_heybox2d_vc11\Debug_HeyBox2D_vc11_x86\b2CollideCircle.obj
v:\GigglingBits\box2d\HeyBox2D\build_heybox2d_vc11\Debug_HeyBox2D_vc11_x86\b2CollideEdge.obj
v:\GigglingBits\box2d\HeyBox2D\build_heybox2d_vc11\Debug_HeyBox2D_vc11_x86\b2CollidePolygon.obj
v:\GigglingBits\box2d\HeyBox2D\build_heybox2d_vc11\Debug_HeyBox2D_vc11_x86\b2Collision.obj
v:\GigglingBits\box2d\HeyBox2D\build_heybox2d_vc11\Debug_HeyBox2D_vc11_x86\b2Contact.obj
v:\GigglingBits\box2d\HeyBox2D\build_heybox2d_vc11\Debug_HeyBox2D_vc11_x86\b2ContactManager.obj
v:\GigglingBits\box2d\HeyBox2D\build_heybox2d_vc11\Debug_HeyBox2D_vc11_x86\b2ContactSolver.obj
v:\GigglingBits\box2d\HeyBox2D\build_heybox2d_vc11\Debug_HeyBox2D_vc11_x86\b2Distance.obj
v:\GigglingBits\box2d\HeyBox2D\build_heybox2d_vc11\Debug_HeyBox2D_vc11_x86\b2DistanceJoint.obj
v:\GigglingBits\box2d\HeyBox2D\build_heybox2d_vc11\Debug_HeyBox2D_vc11_x86\b2Draw.obj
v:\GigglingBits\box2d\HeyBox2D\build_heybox2d_vc11\Debug_HeyBox2D_vc11_x86\b2DynamicTree.obj
v:\GigglingBits\box2d\HeyBox2D\build_heybox2d_vc11\Debug_HeyBox2D_vc11_x86\b2EdgeAndCircleContact.obj
v:\GigglingBits\box2d\HeyBox2D\build_heybox2d_vc11\Debug_HeyBox2D_vc11_x86\b2EdgeAndPolygonContact.obj
v:\GigglingBits\box2d\HeyBox2D\build_heybox2d_vc11\Debug_HeyBox2D_vc11_x86\b2EdgeShape.obj
v:\GigglingBits\box2d\HeyBox2D\build_heybox2d_vc11\Debug_HeyBox2D_vc11_x86\b2Fixture.obj
v:\GigglingBits\box2d\HeyBox2D\build_heybox2d_vc11\Debug_HeyBox2D_vc11_x86\b2FrictionJoint.obj
v:\GigglingBits\box2d\HeyBox2D\build_heybox2d_vc11\Debug_HeyBox2D_vc11_x86\b2GearJoint.obj
v:\GigglingBits\box2d\HeyBox2D\build_heybox2d_vc11\Debug_HeyBox2D_vc11_x86\b2Island.obj
v:\GigglingBits\box2d\HeyBox2D\build_heybox2d_vc11\Debug_HeyBox2D_vc11_x86\b2Joint.obj
v:\GigglingBits\box2d\HeyBox2D\build_heybox2d_vc11\Debug_HeyBox2D_vc11_x86\b2Math.obj
v:\GigglingBits\box2d\HeyBox2D\build_heybox2d_vc11\Debug_HeyBox2D_vc11_x86\b2MotorJoint.obj
v:\GigglingBits\box2d\HeyBox2D\build_heybox2d_vc11\Debug_HeyBox2D_vc11_x86\b2MouseJoint.obj
v:\GigglingBits\box2d\HeyBox2D\build_heybox2d_vc11\Debug_HeyBox2D_vc11_x86\b2PolygonAndCircleContact.obj
v:\GigglingBits\box2d\HeyBox2D\build_heybox2d_vc11\Debug_HeyBox2D_vc11_x86\b2PolygonContact.obj
v:\GigglingBits\box2d\HeyBox2D\build_heybox2d_vc11\Debug_HeyBox2D_vc11_x86\b2PolygonShape.obj
v:\GigglingBits\box2d\HeyBox2D\build_heybox2d_vc11\Debug_HeyBox2D_vc11_x86\b2PrismaticJoint.obj
v:\GigglingBits\box2d\HeyBox2D\build_heybox2d_vc11\Debug_HeyBox2D_vc11_x86\b2PulleyJoint.obj
v:\GigglingBits\box2d\HeyBox2D\build_heybox2d_vc11\Debug_HeyBox2D_vc11_x86\b2RevoluteJoint.obj
v:\GigglingBits\box2d\HeyBox2D\build_heybox2d_vc11\Debug_HeyBox2D_vc11_x86\b2Rope.obj
v:\GigglingBits\box2d\HeyBox2D\build_heybox2d_vc11\Debug_HeyBox2D_vc11_x86\b2RopeJoint.obj
v:\GigglingBits\box2d\HeyBox2D\build_heybox2d_vc11\Debug_HeyBox2D_vc11_x86\b2Settings.obj
v:\GigglingBits\box2d\HeyBox2D\build_heybox2d_vc11\Debug_HeyBox2D_vc11_x86\b2StackAllocator.obj
v:\GigglingBits\box2d\HeyBox2D\build_heybox2d_vc11\Debug_HeyBox2D_vc11_x86\b2TimeOfImpact.obj
v:\GigglingBits\box2d\HeyBox2D\build_heybox2d_vc11\Debug_HeyBox2D_vc11_x86\b2Timer.obj
v:\GigglingBits\box2d\HeyBox2D\build_heybox2d_vc11\Debug_HeyBox2D_vc11_x86\b2WeldJoint.obj
v:\GigglingBits\box2d\HeyBox2D\build_heybox2d_vc11\Debug_HeyBox2D_vc11_x86\b2WheelJoint.obj
v:\GigglingBits\box2d\HeyBox2D\build_heybox2d_vc11\Debug_HeyBox2D_vc11_x86\b2World.obj
v:\GigglingBits\box2d\HeyBox2D\build_heybox2d_vc11\Debug_HeyBox2D_vc11_x86\b2WorldCallbacks.obj
v:\GigglingBits\box2d\HeyBox2D\build_heybox2d_vc11\Debug_HeyBox2D_vc11_x86\ExamplesMain.obj
v:\GigglingBits\box2d\HeyBox2D\build_heybox2d_vc11\Debug_HeyBox2D_vc11_x86\HeyBox2D.obj
v:\GigglingBits\box2d\HeyBox2D\build_heybox2d_vc11\Debug_HeyBox2D_vc11_x86\HeyBox2D.ilk
v:\GigglingBits\box2d\HeyBox2D\build_heybox2d_vc11\Debug_HeyBox2D_vc11_x86\CL.3796.read.1.tlog
v:\GigglingBits\box2d\HeyBox2D\build_heybox2d_vc11\Debug_HeyBox2D_vc11_x86\CL.3796.write.1.tlog
v:\GigglingBits\box2d\HeyBox2D\build_heybox2d_vc11\Debug_HeyBox2D_vc11_x86\cl.command.1.tlog
v:\GigglingBits\box2d\HeyBox2D\build_heybox2d_vc11\Debug_HeyBox2D_vc11_x86\cl.read.1.tlog
v:\GigglingBits\box2d\HeyBox2D\build_heybox2d_vc11\Debug_HeyBox2D_vc11_x86\cl.write.1.tlog
v:\GigglingBits\box2d\HeyBox2D\build_heybox2d_vc11\Debug_HeyBox2D_vc11_x86\custombuild.command.1.tlog
v:\GigglingBits\box2d\HeyBox2D\build_heybox2d_vc11\Debug_HeyBox2D_vc11_x86\custombuild.read.1.tlog
v:\GigglingBits\box2d\HeyBox2D\build_heybox2d_vc11\Debug_HeyBox2D_vc11_x86\custombuild.write.1.tlog
v:\GigglingBits\box2d\HeyBox2D\build_heybox2d_vc11\Debug_HeyBox2D_vc11_x86\HeyBox2D_vc11.write.1.tlog
v:\GigglingBits\box2d\HeyBox2D\build_heybox2d_vc11\Debug_HeyBox2D_vc11_x86\link.1872.read.1.tlog
v:\GigglingBits\box2d\HeyBox2D\build_heybox2d_vc11\Debug_HeyBox2D_vc11_x86\link.1872.write.1.tlog
v:\GigglingBits\box2d\HeyBox2D\build_heybox2d_vc11\Debug_HeyBox2D_vc11_x86\link.command.1.tlog
v:\GigglingBits\box2d\HeyBox2D\build_heybox2d_vc11\Debug_HeyBox2D_vc11_x86\link.read.1.tlog
v:\GigglingBits\box2d\HeyBox2D\build_heybox2d_vc11\Debug_HeyBox2D_vc11_x86\vc110.idb
v:\GigglingBits\box2d\HeyBox2D\build_heybox2d_vc11\Debug_HeyBox2D_vc11_x86\HeyBox2D.pdb
v:\GigglingBits\box2d\HeyBox2D\build_heybox2d_vc11\Debug_HeyBox2D_vc11_x86\vc110.pdb
v:\GigglingBits\box2d\HeyBox2D\build_heybox2d_vc11\Debug_HeyBox2D_vc11_x86\HeyBox2D.s86
