Build started 11/17/2013 1:06:58 AM.
     1>Project "v:\GigglingBits\box2d\HeyBox2D\build_heybox2d_vc11\HeyBox2D_vc11.vcxproj" on node 2 (Build target(s)).
     1>CustomBuild:
         Performing Custom Build Tools
         msg: option 'default-buildenv' overridden by command line
         C:\Marmalade\6.3\s3e\makefile_builder\mkb.py v:/GigglingBits/box2d/HeyBox2D/HeyBox2D.mkb --default-buildenv=vc11 --msvc-project
         Building project: v:/GigglingBits/box2d/HeyBox2D/HeyBox2D.mkb
         v:/GigglingBits/box2d/HeyBox2D/build_heybox2d_vc11/Debug_HeyBox2D_VC11_gcc_arm/HeyBox2D
         done
       ClCompile:
         C:\Marmalade\6.3\s3e\bin\CL.exe /c /Ic:/marmalade/6.3/modules/third_party/libjpeg/h /Ic:/marmalade/6.3/modules/third_party/zlib/h /Ic:/marmalade/6.3/modules/third_party/libpng/h /Ic:/marmalade/6.3/modules/iwutil/h /Ic:/marmalade/6.3/modules/iwgeom/h /Ic:/marmalade/6.3/modules/legacy/iwresmanager/h /Ic:/marmalade/6.3/modules/iwgl/h /Ic:/marmalade/6.3/modules/legacy/iwgx/h /Ic:/marmalade/6.3/modules/third_party/tiniconv/source /Ic:/marmalade/6.3/modules/legacy/iwgxfont/h /Ic:/marmalade/6.3/modules/legacy/iw2d/h /Ic:/marmalade/6.3/examples/examplescore /Iv:/gigglingbits/box2d /Ic:/marmalade/6.3/s3e/h /Ic:/marmalade/6.3/s3e/h/ext /Ic:/marmalade/6.3/s3e/h/std /Ic:/marmalade/6.3/s3e/h/std/c++ /I. /Z7 /nologo /W3 /WX /Od /Oy- /X /Gm /EHsc /RTC1 /MTd /GS /Gy /fp:precise /Zc:wchar_t /Zc:forScope /Fo"Debug_HeyBox2D_vc11_gcc_arm\\" /Fd"Debug_HeyBox2D_vc11_gcc_arm\vc110.pdb" /Gd /TP /analyze- /errorReport:prompt /S3Eproject /J /Fe"s3e-custom-tool='c:/marmalade/6.3/s3e/gcc/bin/arm-none-eabi-gcc.exe' tooltype=gcc_compiler -funsigned-char -fno-strict-aliasing -fno-stack-protector -fno-short-enums -fshort-wchar -Wall -fomit-frame-pointer -fmessage-length=0 -Werror -save-temps -ffunction-sections -mstructure-size-boundary=8 -mfpu=vfp -mfloat-abi=softfp -mthumb-interwork -march=armv5te -mword-relocations -Wno-psabi -fvisibility=hidden -nostdinc --cppflag=-Wno-reorder --cppflag=-fvisibility-inlines-hidden --cppflag=-fno-exceptions --cppflag=-nostdinc++ -g -O0" /FD  /FI"v:\GigglingBits\box2d\HeyBox2D\build_heybox2d_vc11\temp_defines_debug.h" c:/marmalade/6.3/examples/examplescore/ExamplesMain.cpp v:/GigglingBits/box2d/HeyBox2D/HeyBox2D.cpp v:/gigglingbits/box2d/Box2D/Common/b2BlockAllocator.cpp v:/gigglingbits/box2d/Box2D/Dynamics/b2Body.cpp v:/gigglingbits/box2d/Box2D/Collision/b2BroadPhase.cpp v:/gigglingbits/box2d/Box2D/Dynamics/Contacts/b2ChainAndCircleContact.cpp v:/gigglingbits/box2d/Box2D/Dynamics/Contacts/b2ChainAndPolygonContact.cpp v:/gigglingbits/box2d/Box2D/Collision/Shapes/b2ChainShape.cpp v:/gigglingbits/box2d/Box2D/Dynamics/Contacts/b2CircleContact.cpp v:/gigglingbits/box2d/Box2D/Collision/Shapes/b2CircleShape.cpp v:/gigglingbits/box2d/Box2D/Collision/b2CollideCircle.cpp v:/gigglingbits/box2d/Box2D/Collision/b2CollideEdge.cpp v:/gigglingbits/box2d/Box2D/Collision/b2CollidePolygon.cpp v:/gigglingbits/box2d/Box2D/Collision/b2Collision.cpp v:/gigglingbits/box2d/Box2D/Dynamics/Contacts/b2Contact.cpp v:/gigglingbits/box2d/Box2D/Dynamics/b2ContactManager.cpp v:/gigglingbits/box2d/Box2D/Dynamics/Contacts/b2ContactSolver.cpp v:/gigglingbits/box2d/Box2D/Collision/b2Distance.cpp v:/gigglingbits/box2d/Box2D/Dynamics/Joints/b2DistanceJoint.cpp v:/gigglingbits/box2d/Box2D/Common/b2Draw.cpp v:/gigglingbits/box2d/Box2D/Collision/b2DynamicTree.cpp v:/gigglingbits/box2d/Box2D/Dynamics/Contacts/b2EdgeAndCircleContact.cpp v:/gigglingbits/box2d/Box2D/Dynamics/Contacts/b2EdgeAndPolygonContact.cpp v:/gigglingbits/box2d/Box2D/Collision/Shapes/b2EdgeShape.cpp v:/gigglingbits/box2d/Box2D/Dynamics/b2Fixture.cpp v:/gigglingbits/box2d/Box2D/Dynamics/Joints/b2FrictionJoint.cpp v:/gigglingbits/box2d/Box2D/Dynamics/Joints/b2GearJoint.cpp v:/gigglingbits/box2d/Box2D/Dynamics/b2Island.cpp v:/gigglingbits/box2d/Box2D/Dynamics/Joints/b2Joint.cpp v:/gigglingbits/box2d/Box2D/Common/b2Math.cpp v:/gigglingbits/box2d/Box2D/Dynamics/Joints/b2MotorJoint.cpp v:/gigglingbits/box2d/Box2D/Dynamics/Joints/b2MouseJoint.cpp v:/gigglingbits/box2d/Box2D/Dynamics/Contacts/b2PolygonAndCircleContact.cpp v:/gigglingbits/box2d/Box2D/Dynamics/Contacts/b2PolygonContact.cpp v:/gigglingbits/box2d/Box2D/Collision/Shapes/b2PolygonShape.cpp v:/gigglingbits/box2d/Box2D/Dynamics/Joints/b2PrismaticJoint.cpp v:/gigglingbits/box2d/Box2D/Dynamics/Joints/b2PulleyJoint.cpp v:/gigglingbits/box2d/Box2D/Dynamics/Joints/b2RevoluteJoint.cpp v:/gigglingbits/box2d/Box2D/Rope/b2Rope.cpp v:/gigglingbits/box2d/Box2D/Dynamics/Joints/b2RopeJoint.cpp v:/gigglingbits/box2d/Box2D/Common/b2Settings.cpp v:/gigglingbits/box2d/Box2D/Common/b2StackAllocator.cpp v:/gigglingbits/box2d/Box2D/Collision/b2TimeOfImpact.cpp v:/gigglingbits/box2d/Box2D/Common/b2Timer.cpp v:/gigglingbits/box2d/Box2D/Dynamics/Joints/b2WeldJoint.cpp v:/gigglingbits/box2d/Box2D/Dynamics/Joints/b2WheelJoint.cpp v:/gigglingbits/box2d/Box2D/Dynamics/b2World.cpp v:/gigglingbits/box2d/Box2D/Dynamics/b2WorldCallbacks.cpp
         ARM Compiling(GCC) c:\marmalade\6.3\examples\examplescore\ExamplesMain.cpp ...
         ARM Compiling(GCC) v:\GigglingBits\box2d\HeyBox2D\HeyBox2D.cpp ...
         ARM Compiling(GCC) v:\gigglingbits\box2d\Box2D\Common\b2BlockAllocator.cpp ...
         ARM Compiling(GCC) v:\gigglingbits\box2d\Box2D\Dynamics\b2Body.cpp ...
         ARM Compiling(GCC) v:\gigglingbits\box2d\Box2D\Collision\b2BroadPhase.cpp ...
         ARM Compiling(GCC) v:\gigglingbits\box2d\Box2D\Dynamics\Contacts\b2ChainAndCircleContact.cpp ...
         ARM Compiling(GCC) v:\gigglingbits\box2d\Box2D\Dynamics\Contacts\b2ChainAndPolygonContact.cpp ...
         ARM Compiling(GCC) v:\gigglingbits\box2d\Box2D\Collision\Shapes\b2ChainShape.cpp ...
         ARM Compiling(GCC) v:\gigglingbits\box2d\Box2D\Dynamics\Contacts\b2CircleContact.cpp ...
         ARM Compiling(GCC) v:\gigglingbits\box2d\Box2D\Collision\Shapes\b2CircleShape.cpp ...
         ARM Compiling(GCC) v:\gigglingbits\box2d\Box2D\Collision\b2CollideCircle.cpp ...
         Generating dependencies...
         
         ExamplesMain.cpp
         HeyBox2D.cpp
         b2BlockAllocator.cpp
         b2Body.cpp
         b2BroadPhase.cpp
         b2ChainAndCircleContact.cpp
         b2ChainAndPolygonContact.cpp
         b2ChainShape.cpp
         b2CircleContact.cpp
         b2CircleShape.cpp
         b2CollideCircle.cpp
         Generating Code...
         ARM Compiling(GCC) v:\gigglingbits\box2d\Box2D\Collision\b2CollideEdge.cpp ...
         ARM Compiling(GCC) v:\gigglingbits\box2d\Box2D\Collision\b2CollidePolygon.cpp ...
         ARM Compiling(GCC) v:\gigglingbits\box2d\Box2D\Collision\b2Collision.cpp ...
         ARM Compiling(GCC) v:\gigglingbits\box2d\Box2D\Dynamics\Contacts\b2Contact.cpp ...
         ARM Compiling(GCC) v:\gigglingbits\box2d\Box2D\Dynamics\b2ContactManager.cpp ...
         ARM Compiling(GCC) v:\gigglingbits\box2d\Box2D\Dynamics\Contacts\b2ContactSolver.cpp ...
         ARM Compiling(GCC) v:\gigglingbits\box2d\Box2D\Collision\b2Distance.cpp ...
         ARM Compiling(GCC) v:\gigglingbits\box2d\Box2D\Dynamics\Joints\b2DistanceJoint.cpp ...
         ARM Compiling(GCC) v:\gigglingbits\box2d\Box2D\Common\b2Draw.cpp ...
         ARM Compiling(GCC) v:\gigglingbits\box2d\Box2D\Collision\b2DynamicTree.cpp ...
         ARM Compiling(GCC) v:\gigglingbits\box2d\Box2D\Dynamics\Contacts\b2EdgeAndCircleContact.cpp ...
         Generating dependencies...
         
         b2CollideEdge.cpp
         b2CollidePolygon.cpp
         b2Collision.cpp
         b2Contact.cpp
         b2ContactManager.cpp
         b2ContactSolver.cpp
         b2Distance.cpp
         b2DistanceJoint.cpp
         b2Draw.cpp
         b2DynamicTree.cpp
         b2EdgeAndCircleContact.cpp
         Generating Code...
         ARM Compiling(GCC) v:\gigglingbits\box2d\Box2D\Dynamics\Contacts\b2EdgeAndPolygonContact.cpp ...
         ARM Compiling(GCC) v:\gigglingbits\box2d\Box2D\Collision\Shapes\b2EdgeShape.cpp ...
         ARM Compiling(GCC) v:\gigglingbits\box2d\Box2D\Dynamics\b2Fixture.cpp ...
         ARM Compiling(GCC) v:\gigglingbits\box2d\Box2D\Dynamics\Joints\b2FrictionJoint.cpp ...
         ARM Compiling(GCC) v:\gigglingbits\box2d\Box2D\Dynamics\Joints\b2GearJoint.cpp ...
         ARM Compiling(GCC) v:\gigglingbits\box2d\Box2D\Dynamics\b2Island.cpp ...
         ARM Compiling(GCC) v:\gigglingbits\box2d\Box2D\Dynamics\Joints\b2Joint.cpp ...
         ARM Compiling(GCC) v:\gigglingbits\box2d\Box2D\Common\b2Math.cpp ...
         ARM Compiling(GCC) v:\gigglingbits\box2d\Box2D\Dynamics\Joints\b2MotorJoint.cpp ...
         ARM Compiling(GCC) v:\gigglingbits\box2d\Box2D\Dynamics\Joints\b2MouseJoint.cpp ...
         ARM Compiling(GCC) v:\gigglingbits\box2d\Box2D\Dynamics\Contacts\b2PolygonAndCircleContact.cpp ...
         Generating dependencies...
         
         b2EdgeAndPolygonContact.cpp
         b2EdgeShape.cpp
         b2Fixture.cpp
         b2FrictionJoint.cpp
         b2GearJoint.cpp
         b2Island.cpp
         b2Joint.cpp
         b2Math.cpp
         b2MotorJoint.cpp
         b2MouseJoint.cpp
         b2PolygonAndCircleContact.cpp
         Generating Code...
         ARM Compiling(GCC) v:\gigglingbits\box2d\Box2D\Dynamics\Contacts\b2PolygonContact.cpp ...
         ARM Compiling(GCC) v:\gigglingbits\box2d\Box2D\Collision\Shapes\b2PolygonShape.cpp ...
         ARM Compiling(GCC) v:\gigglingbits\box2d\Box2D\Dynamics\Joints\b2PrismaticJoint.cpp ...
         ARM Compiling(GCC) v:\gigglingbits\box2d\Box2D\Dynamics\Joints\b2PulleyJoint.cpp ...
         ARM Compiling(GCC) v:\gigglingbits\box2d\Box2D\Dynamics\Joints\b2RevoluteJoint.cpp ...
         ARM Compiling(GCC) v:\gigglingbits\box2d\Box2D\Rope\b2Rope.cpp ...
         ARM Compiling(GCC) v:\gigglingbits\box2d\Box2D\Dynamics\Joints\b2RopeJoint.cpp ...
         ARM Compiling(GCC) v:\gigglingbits\box2d\Box2D\Common\b2Settings.cpp ...
         ARM Compiling(GCC) v:\gigglingbits\box2d\Box2D\Common\b2StackAllocator.cpp ...
         ARM Compiling(GCC) v:\gigglingbits\box2d\Box2D\Collision\b2TimeOfImpact.cpp ...
         ARM Compiling(GCC) v:\gigglingbits\box2d\Box2D\Common\b2Timer.cpp ...
         Generating dependencies...
         
         b2PolygonContact.cpp
         b2PolygonShape.cpp
         b2PrismaticJoint.cpp
         b2PulleyJoint.cpp
         b2RevoluteJoint.cpp
         b2Rope.cpp
         b2RopeJoint.cpp
         b2Settings.cpp
         b2StackAllocator.cpp
         b2TimeOfImpact.cpp
         b2Timer.cpp
         Generating Code...
         ARM Compiling(GCC) v:\gigglingbits\box2d\Box2D\Dynamics\Joints\b2WeldJoint.cpp ...
         ARM Compiling(GCC) v:\gigglingbits\box2d\Box2D\Dynamics\Joints\b2WheelJoint.cpp ...
         ARM Compiling(GCC) v:\gigglingbits\box2d\Box2D\Dynamics\b2World.cpp ...
         ARM Compiling(GCC) v:\gigglingbits\box2d\Box2D\Dynamics\b2WorldCallbacks.cpp ...
         Generating dependencies...
         
         b2WeldJoint.cpp
         b2WheelJoint.cpp
         b2World.cpp
         b2WorldCallbacks.cpp
         Generating Code...
       Link:
         C:\Marmalade\6.3\s3e\bin\link.exe /ERRORREPORT:PROMPT /OUT:"Debug_HeyBox2D_vc11_gcc_arm\HeyBox2D.s3e" /INCREMENTAL /NOLOGO /LIBPATH:c:/marmalade/6.3/modules/third_party/libjpeg/lib/arm /LIBPATH:c:/marmalade/6.3/modules/third_party/zlib/lib/arm /LIBPATH:c:/marmalade/6.3/modules/third_party/libpng/lib/arm /LIBPATH:c:/marmalade/6.3/modules/iwutil/lib/arm /LIBPATH:c:/marmalade/6.3/modules/iwgeom/lib/arm /LIBPATH:c:/marmalade/6.3/modules/legacy/iwresmanager/lib/arm /LIBPATH:c:/marmalade/6.3/modules/legacy/iwgx/atitools /LIBPATH:c:/marmalade/6.3/modules/legacy/iwgx/lib/arm /LIBPATH:c:/marmalade/6.3/modules/iwgl/lib/arm /LIBPATH:c:/marmalade/6.3/modules/legacy/iwgxfont/lib/arm /LIBPATH:c:/marmalade/6.3/modules/third_party/tiniconv/lib/arm /LIBPATH:c:/marmalade/6.3/modules/legacy/iw2d/lib/arm /LIBPATH:c:/marmalade/6.3/s3e/lib/arm /NODEFAULTLIB:libcmt /MANIFEST:NO /PDB:"Debug_HeyBox2D_vc11_gcc_arm\HeyBox2D.pdb" /SUBSYSTEM:WINDOWS /OPT:NOREF /OPT:NOICF /TLBID:1 /DYNAMICBASE /NXCOMPAT /IMPLIB:"Debug_HeyBox2D_vc11_gcc_arm\HeyBox2D.lib" /MACHINE:X86  /include:_IwMain /include:_raise /include:_DllEntryPoint@12/COMMENT:"s3e-custom-tool='c:/marmalade/6.3/s3e/gcc/bin/arm-none-eabi-g++.exe' tooltype=gcc_linker -Wl,--gc-sections -Wl,--as-needed -mthumb-interwork -pie -Wl,--entry=_IwMain -Wl,--no-enum-size-warning -Wl,-Tlinker_script -lc -lm -Wl,-Map='Debug_HeyBox2D_vc11_gcc_arm\/HeyBox2D.map' -Wl,--start-group -Wl,--whole-archive -liwutil_d -liwgeom_d -liwresmanager_d -liwgx_d -liwgxfont_d -liw2d_d -Wl,--no-whole-archive -ljpeg_d -lz_d -lpng_d -liwgl_d -ltiniconv_d -ls3e_cpp_d -ls3e_d -ls3e_api -ls3e_api -Wl,--end-group --plink:--arch=armv5TE --plink:--vfp" /DLL Debug_HeyBox2D_vc11_gcc_arm\ExamplesMain.obj
         Debug_HeyBox2D_vc11_gcc_arm\HeyBox2D.obj
         Debug_HeyBox2D_vc11_gcc_arm\b2BlockAllocator.obj
         Debug_HeyBox2D_vc11_gcc_arm\b2Body.obj
         Debug_HeyBox2D_vc11_gcc_arm\b2BroadPhase.obj
         Debug_HeyBox2D_vc11_gcc_arm\b2ChainAndCircleContact.obj
         Debug_HeyBox2D_vc11_gcc_arm\b2ChainAndPolygonContact.obj
         Debug_HeyBox2D_vc11_gcc_arm\b2ChainShape.obj
         Debug_HeyBox2D_vc11_gcc_arm\b2CircleContact.obj
         Debug_HeyBox2D_vc11_gcc_arm\b2CircleShape.obj
         Debug_HeyBox2D_vc11_gcc_arm\b2CollideCircle.obj
         Debug_HeyBox2D_vc11_gcc_arm\b2CollideEdge.obj
         Debug_HeyBox2D_vc11_gcc_arm\b2CollidePolygon.obj
         Debug_HeyBox2D_vc11_gcc_arm\b2Collision.obj
         Debug_HeyBox2D_vc11_gcc_arm\b2Contact.obj
         Debug_HeyBox2D_vc11_gcc_arm\b2ContactManager.obj
         Debug_HeyBox2D_vc11_gcc_arm\b2ContactSolver.obj
         Debug_HeyBox2D_vc11_gcc_arm\b2Distance.obj
         Debug_HeyBox2D_vc11_gcc_arm\b2DistanceJoint.obj
         Debug_HeyBox2D_vc11_gcc_arm\b2Draw.obj
         Debug_HeyBox2D_vc11_gcc_arm\b2DynamicTree.obj
         Debug_HeyBox2D_vc11_gcc_arm\b2EdgeAndCircleContact.obj
         Debug_HeyBox2D_vc11_gcc_arm\b2EdgeAndPolygonContact.obj
         Debug_HeyBox2D_vc11_gcc_arm\b2EdgeShape.obj
         Debug_HeyBox2D_vc11_gcc_arm\b2Fixture.obj
         Debug_HeyBox2D_vc11_gcc_arm\b2FrictionJoint.obj
         Debug_HeyBox2D_vc11_gcc_arm\b2GearJoint.obj
         Debug_HeyBox2D_vc11_gcc_arm\b2Island.obj
         Debug_HeyBox2D_vc11_gcc_arm\b2Joint.obj
         Debug_HeyBox2D_vc11_gcc_arm\b2Math.obj
         Debug_HeyBox2D_vc11_gcc_arm\b2MotorJoint.obj
         Debug_HeyBox2D_vc11_gcc_arm\b2MouseJoint.obj
         Debug_HeyBox2D_vc11_gcc_arm\b2PolygonAndCircleContact.obj
         Debug_HeyBox2D_vc11_gcc_arm\b2PolygonContact.obj
         Debug_HeyBox2D_vc11_gcc_arm\b2PolygonShape.obj
         Debug_HeyBox2D_vc11_gcc_arm\b2PrismaticJoint.obj
         Debug_HeyBox2D_vc11_gcc_arm\b2PulleyJoint.obj
         Debug_HeyBox2D_vc11_gcc_arm\b2RevoluteJoint.obj
         Debug_HeyBox2D_vc11_gcc_arm\b2Rope.obj
         Debug_HeyBox2D_vc11_gcc_arm\b2RopeJoint.obj
         Debug_HeyBox2D_vc11_gcc_arm\b2Settings.obj
         Debug_HeyBox2D_vc11_gcc_arm\b2StackAllocator.obj
         Debug_HeyBox2D_vc11_gcc_arm\b2TimeOfImpact.obj
         Debug_HeyBox2D_vc11_gcc_arm\b2Timer.obj
         Debug_HeyBox2D_vc11_gcc_arm\b2WeldJoint.obj
         Debug_HeyBox2D_vc11_gcc_arm\b2WheelJoint.obj
         Debug_HeyBox2D_vc11_gcc_arm\b2World.obj
         Debug_HeyBox2D_vc11_gcc_arm\b2WorldCallbacks.obj
         ARM Linking(GCC) ...
         HeyBox2D_vc11.vcxproj -> v:\GigglingBits\box2d\HeyBox2D\build_heybox2d_vc11\Debug_HeyBox2D_vc11_gcc_arm\HeyBox2D.s3e
       PostBuildEvent:
         echo C:\Marmalade\6.3\s3e\python\python.exe .\process_map.py "v:\GigglingBits\box2d\HeyBox2D\build_heybox2d_vc11\Debug_HeyBox2D_vc11_gcc_arm\HeyBox2D.s3e"
         chdir /d "c:\marmalade\6.3\s3e\tools"
         C:\Marmalade\6.3\s3e\python\python.exe .\process_map.py "v:\GigglingBits\box2d\HeyBox2D\build_heybox2d_vc11\Debug_HeyBox2D_vc11_gcc_arm\HeyBox2D.s3e"
         
         :VCEnd
         C:\Marmalade\6.3\s3e\python\python.exe .\process_map.py "v:\GigglingBits\box2d\HeyBox2D\build_heybox2d_vc11\Debug_HeyBox2D_vc11_gcc_arm\HeyBox2D.s3e"
     1>Done Building Project "v:\GigglingBits\box2d\HeyBox2D\build_heybox2d_vc11\HeyBox2D_vc11.vcxproj" (Build target(s)).

Build succeeded.

Time Elapsed 00:00:38.39
